2024-08-11T10:43:41.536Z - INFO: [], SQL: CREATE VIEW allUsersView AS 
SELECT * FROM users;, PARAMS: []
2024-08-11T10:43:41.542Z - INFO: [{"task_id":"6","title":"Task 6","status":"Task 6 - Pending"},{"task_id":"7","title":"Task 7","status":"Task 7 - Pending"},{"task_id":"8","title":"Task 8","status":"Task 8 - Pending"},{"task_id":"9","title":"Task 9","status":"Task 9 - Pending"},{"task_id":"10","title":"Task 10","status":"Task 10 - Pending"}], SQL: SELECT task_id, title, status 
FROM tasks 
WHERE is_completed = $1 AND price > $2 
ORDER BY due_date ASC;, PARAMS: [false,50]
2024-08-11T10:43:41.546Z - INFO: [], SQL: SELECT user_id, username FROM users 
WHERE username IN ($1);, PARAMS: ["SELECT username FROM users \nWHERE is_active = ?"]
2024-08-11T10:43:41.549Z - INFO: [{"username":"user1","name":"Section 1"},{"username":"user10","name":"Section 10"},{"username":"user2","name":"Section 2"},{"username":"user3","name":"Section 3"},{"username":"user4","name":"Section 4"},{"username":"user5","name":"Section 5"},{"username":"user6","name":"Section 6"},{"username":"user7","name":"Section 7"},{"username":"user8","name":"Section 8"},{"username":"user9","name":"Section 9"}], SQL: SELECT users.username, sections.name FROM users 
LEFT JOIN sections ON users.user_id = sections.user_id 
ORDER BY users.username ASC;, PARAMS: []
2024-08-11T10:43:41.552Z - INFO: [{"user_id":"4","username":"user4"},{"user_id":"10","username":"user10"},{"user_id":"3","username":"user3"},{"user_id":"2","username":"user2"},{"user_id":"8","username":"user8"},{"user_id":"5","username":"user5"},{"user_id":"6","username":"user6"},{"user_id":"7","username":"user7"},{"user_id":"9","username":"user9"},{"user_id":"1","username":"user1"}], SQL: SELECT user_id, username FROM users 
WHERE is_active = $1 
 UNION 
 SELECT user_id, username FROM users 
WHERE is_active = $2;, PARAMS: [true,false]
2024-08-11T10:43:41.553Z - INFO: [{"user_id":"4","username":"user4"},{"user_id":"10","username":"user10"},{"user_id":"3","username":"user3"},{"user_id":"2","username":"user2"},{"user_id":"8","username":"user8"},{"user_id":"5","username":"user5"},{"user_id":"6","username":"user6"},{"user_id":"7","username":"user7"},{"user_id":"9","username":"user9"},{"user_id":"1","username":"user1"},{"user_id":"1","username":"user1"},{"user_id":"2","username":"user2"},{"user_id":"3","username":"user3"},{"user_id":"4","username":"user4"},{"user_id":"5","username":"user5"},{"user_id":"6","username":"user6"},{"user_id":"7","username":"user7"},{"user_id":"8","username":"user8"},{"user_id":"9","username":"user9"},{"user_id":"10","username":"user10"}], SQL: SELECT user_id, username FROM users 
WHERE is_active = $1 
 UNION 
 SELECT user_id, username FROM users 
WHERE is_active = $2 UNION ALL 
 SELECT user_id, username FROM users 
WHERE is_active = $1;, PARAMS: [true,false]
2024-08-11T10:43:41.556Z - INFO: [{"total_price":"550.00"}], SQL: SELECT SUM(price) AS total_price FROM tasks;, PARAMS: []
2024-08-11T10:43:41.558Z - INFO: [], SQL: SELECT user_id, COUNT(*) AS task_count FROM tasks 
GROUP BY user_id 
HAVING COUNT(*) > $1;, PARAMS: [5]
2024-08-11T10:43:41.560Z - INFO: [{"user_id":"9","task_count":"1"},{"user_id":"3","task_count":"1"},{"user_id":"5","task_count":"1"},{"user_id":"4","task_count":"1"},{"user_id":"10","task_count":"1"},{"user_id":"6","task_count":"1"},{"user_id":"2","task_count":"1"},{"user_id":"7","task_count":"1"},{"user_id":"1","task_count":"1"},{"user_id":"8","task_count":"1"}], SQL: SELECT user_id, COUNT(*) AS task_count FROM tasks 
GROUP BY user_id;, PARAMS: []
2024-08-11T10:43:41.562Z - INFO: [], SQL: UPDATE tasks
                SET is_completed = $1   WHERE task_id = $2;, PARAMS: [true,1]
2024-08-11T10:43:41.563Z - INFO: [], SQL: DELETE FROM tasks 
WHERE title = $1;, PARAMS: ["Завдання 2"]
2024-08-11T10:43:41.566Z - INFO: [], SQL: INSERT INTO tasks (task_id, title, description, is_completed, due_date, price)
                VALUES ($1, $2, $3, $4, $5, $6);, PARAMS: [111,"Новий таск","Опис нового таску",false,"2024-12-31",100.5]
2024-08-11T10:43:41.568Z - INFO: [{"user_id":"1","username":"user1","email":"user1@example.com"},{"user_id":"10","username":"user10","email":"user10@example.com"},{"user_id":"2","username":"user2","email":"user2@example.com"},{"user_id":"3","username":"user3","email":"user3@example.com"},{"user_id":"4","username":"user4","email":"user4@example.com"},{"user_id":"5","username":"user5","email":"user5@example.com"},{"user_id":"6","username":"user6","email":"user6@example.com"},{"user_id":"7","username":"user7","email":"user7@example.com"},{"user_id":"8","username":"user8","email":"user8@example.com"},{"user_id":"9","username":"user9","email":"user9@example.com"}], SQL: SELECT user_id, username, email 
FROM users 
ORDER BY username ASC;, PARAMS: []
